20:49:38.104 INFO  controller.MenuController : Author list selected.
20:49:42.776 ERROR controller.AuthorListController$1 : Error opening authordetail.fxml: 
/C:/Users/austin/Documents/compsci/CS%204743/CS4743Assignment%203/bin/view/AuthorDetail.fxml

20:49:42.776 INFO  controller.AuthorListController$1 : Author he selected.
21:09:39.488 INFO  gateway.DBGateway : Database connection closed.
21:09:39.488 INFO  controller.MenuController$1 : Application closed.
21:09:43.756 INFO  controller.MenuController : Author list selected.
21:09:45.886 INFO  controller.AuthorListController$1 : Author he selected.
21:09:59.953 INFO  controller.MenuController : Book List selected.
21:10:01.231 INFO  controller.BookListController$1 : Book hell selected.
21:10:26.292 INFO  controller.BookListController$1 : Book hell selected.
21:11:34.289 INFO  controller.MenuController : Author list selected.
21:11:36.202 INFO  controller.AuthorListController$1 : Author he selected.
21:11:42.472 INFO  gateway.DBGateway : Database connection closed.
21:11:42.473 INFO  controller.MenuController$1 : Application closed.
21:13:22.191 INFO  gateway.DBGateway : Database connection closed.
21:13:22.192 INFO  controller.MenuController$1 : Application closed.
21:13:24.712 INFO  controller.MenuController : Author list selected.
21:13:55.937 INFO  gateway.DBGateway : Database connection closed.
21:13:55.937 INFO  controller.MenuController$1 : Application closed.
21:15:32.650 INFO  controller.MenuController : Author list selected.
21:15:32.677 ERROR controller.MenuController : Error opening authorList.fxml 
/C:/Users/austin/Documents/compsci/CS%204743/CS4743Assignment%203/bin/view/authorList.fxml:12

21:15:36.062 INFO  gateway.DBGateway : Database connection closed.
21:15:36.062 INFO  controller.MenuController$1 : Application closed.
21:15:50.594 INFO  controller.MenuController : Author list selected.
21:15:54.560 INFO  gateway.DBGateway : Database connection closed.
21:15:54.561 INFO  controller.MenuController$1 : Application closed.
21:16:23.562 INFO  controller.MenuController : Author list selected.
21:16:30.498 INFO  gateway.DBGateway : Author with id = 10 deleted from database.
21:16:36.556 INFO  controller.MenuController : Author list selected.
21:16:42.926 INFO  gateway.DBGateway : Author with id = 11 deleted from database.
21:16:47.078 INFO  controller.MenuController : Author list selected.
21:16:55.593 INFO  controller.MenuController : Book List selected.
21:16:57.436 INFO  controller.BookListController$1 : Book hell selected.
21:20:42.334 INFO  gateway.DBGateway : Database connection closed.
21:20:42.335 INFO  controller.MenuController$1 : Application closed.
21:20:45.933 INFO  controller.MenuController : Book List selected.
21:20:47.401 INFO  controller.BookListController$1 : Book hell selected.
21:21:03.260 INFO  gateway.DBGateway : Database connection closed.
21:21:03.260 INFO  controller.MenuController$1 : Application closed.
21:21:47.956 INFO  controller.MenuController : Book List selected.
21:21:49.161 INFO  controller.BookListController$1 : Book lord of the flies selected.
21:21:53.817 INFO  controller.BookListController$1 : Book hell selected.
21:22:12.055 INFO  gateway.DBGateway : Database connection closed.
21:22:12.056 INFO  controller.MenuController$1 : Application closed.
21:23:00.793 INFO  controller.MenuController : Book List selected.
21:23:02.434 INFO  controller.BookListController$1 : Book hell selected.
21:23:06.651 INFO  gateway.DBGateway : Database connection closed.
21:23:06.652 INFO  controller.MenuController$1 : Application closed.
21:24:22.081 INFO  controller.MenuController : Book List selected.
21:24:23.498 INFO  controller.BookListController$1 : Book hell selected.
21:26:14.774 INFO  gateway.DBGateway : Database connection closed.
21:26:14.775 INFO  controller.MenuController$1 : Application closed.
21:30:40.502 INFO  gateway.DBGateway : Database connection closed.
21:30:40.504 INFO  controller.MenuController$1 : Application closed.
21:59:28.973 INFO  controller.MenuController : Book List selected.
21:59:30.881 ERROR controller.BookListController$1 : Error opening bookdetail.fxml: 
/C:/Users/austin/Documents/compsci/CS%204743/CS4743Assignment%203/bin/view/BookDetail.fxml

21:59:30.882 INFO  controller.BookListController$1 : Book hell selected.
21:59:36.366 ERROR controller.BookListController$1 : Error opening bookdetail.fxml: 
/C:/Users/austin/Documents/compsci/CS%204743/CS4743Assignment%203/bin/view/BookDetail.fxml

21:59:36.366 INFO  controller.BookListController$1 : Book lord of the flies selected.
21:59:39.159 ERROR controller.BookListController$1 : Error opening bookdetail.fxml: 
/C:/Users/austin/Documents/compsci/CS%204743/CS4743Assignment%203/bin/view/BookDetail.fxml

21:59:39.159 INFO  controller.BookListController$1 : Book hell selected.
22:00:09.550 INFO  gateway.DBGateway : Database connection closed.
22:00:09.551 INFO  controller.MenuController$1 : Application closed.
22:00:13.799 INFO  controller.MenuController : Book List selected.
22:00:15.491 ERROR controller.BookListController$1 : Error opening bookdetail.fxml: 
/C:/Users/austin/Documents/compsci/CS%204743/CS4743Assignment%203/bin/view/BookDetail.fxml

22:00:15.491 INFO  controller.BookListController$1 : Book hell selected.
22:00:20.950 INFO  gateway.DBGateway : Database connection closed.
22:00:20.951 INFO  controller.MenuController$1 : Application closed.
22:01:18.290 INFO  controller.MenuController : Book List selected.
22:01:20.373 ERROR controller.BookListController$1 : Error opening bookdetail.fxml: 
/C:/Users/austin/Documents/compsci/CS%204743/CS4743Assignment%203/bin/view/BookDetail.fxml

22:01:20.374 INFO  controller.BookListController$1 : Book hell selected.
22:01:57.196 INFO  gateway.DBGateway : Database connection closed.
22:01:57.197 INFO  controller.MenuController$1 : Application closed.
22:02:02.993 INFO  controller.MenuController : Book List selected.
22:02:04.899 ERROR controller.BookListController$1 : Error opening bookdetail.fxml: 
/C:/Users/austin/Documents/compsci/CS%204743/CS4743Assignment%203/bin/view/BookDetail.fxml

22:02:04.899 INFO  controller.BookListController$1 : Book hell selected.
22:32:22.470 INFO  gateway.DBGateway : Database connection closed.
22:32:22.472 INFO  controller.MenuController$1 : Application closed.
22:32:41.608 INFO  gateway.DBGateway : Database connection closed.
22:32:41.611 INFO  controller.MenuController$1 : Application closed.
22:33:40.193 INFO  controller.MenuController : Book List selected.
22:33:41.938 ERROR controller.BookListController$1 : Error opening bookdetail.fxml: 
/C:/Users/austin/Documents/compsci/CS%204743/CS4743Assignment%203/bin/view/BookDetail.fxml

22:33:41.938 INFO  controller.BookListController$1 : Book hell selected.
22:33:46.910 INFO  gateway.DBGateway : Database connection closed.
22:33:46.911 INFO  controller.MenuController$1 : Application closed.
22:34:06.609 INFO  controller.MenuController : Book List selected.
22:34:08.404 ERROR controller.BookListController$1 : Error opening bookdetail.fxml: 
/C:/Users/austin/Documents/compsci/CS%204743/CS4743Assignment%203/bin/view/BookDetail.fxml

22:34:08.404 INFO  controller.BookListController$1 : Book hell selected.
22:34:13.858 INFO  gateway.DBGateway : Database connection closed.
22:34:13.859 INFO  controller.MenuController$1 : Application closed.
22:34:53.064 INFO  controller.MenuController : Book List selected.
22:34:54.615 ERROR controller.BookListController$1 : Error opening bookdetail.fxml: 
/C:/Users/austin/Documents/compsci/CS%204743/CS4743Assignment%203/bin/view/BookDetail.fxml

22:34:54.615 INFO  controller.BookListController$1 : Book hell selected.
22:35:17.755 INFO  gateway.DBGateway : Database connection closed.
22:35:17.756 INFO  controller.MenuController$1 : Application closed.
22:37:08.586 INFO  controller.MenuController : Book List selected.
22:37:09.926 ERROR controller.BookListController$1 : Error opening bookdetail.fxml: 
/C:/Users/austin/Documents/compsci/CS%204743/CS4743Assignment%203/bin/view/BookDetail.fxml

22:37:09.926 INFO  controller.BookListController$1 : Book hell selected.
22:37:47.036 INFO  controller.MenuController : Book List selected.
22:37:48.386 ERROR controller.BookListController$1 : Error opening bookdetail.fxml: 
/C:/Users/austin/Documents/compsci/CS%204743/CS4743Assignment%203/bin/view/BookDetail.fxml

22:37:48.386 INFO  controller.BookListController$1 : Book hell selected.
22:38:31.853 INFO  gateway.DBGateway : Database connection closed.
22:38:31.854 INFO  controller.MenuController$1 : Application closed.
22:38:32.854 INFO  gateway.DBGateway : Database connection closed.
22:38:32.854 INFO  controller.MenuController$1 : Application closed.
22:38:39.109 INFO  controller.MenuController : Book List selected.
22:38:41.286 ERROR controller.BookListController$1 : Error opening bookdetail.fxml: 
/C:/Users/austin/Documents/compsci/CS%204743/CS4743Assignment%203/bin/view/BookDetail.fxml

22:38:41.287 INFO  controller.BookListController$1 : Book hell selected.
22:38:47.276 INFO  gateway.DBGateway : Database connection closed.
22:38:47.277 INFO  controller.MenuController$1 : Application closed.
22:40:46.614 INFO  controller.MenuController : Book List selected.
22:40:48.543 INFO  controller.BookListController$1 : Book hell selected.
22:40:56.977 INFO  gateway.DBGateway : Database connection closed.
22:40:56.978 INFO  controller.MenuController$1 : Application closed.
22:42:13.985 INFO  controller.MenuController : Book List selected.
22:42:15.819 INFO  controller.BookListController$1 : Book hell selected.
22:42:26.845 INFO  gateway.DBGateway : Database connection closed.
22:42:26.846 INFO  controller.MenuController$1 : Application closed.
22:42:55.641 INFO  controller.MenuController : Book List selected.
22:42:57.746 INFO  controller.BookListController$1 : Book hell selected.
22:43:12.716 INFO  gateway.DBGateway : Database connection closed.
22:43:12.716 INFO  controller.MenuController$1 : Application closed.
22:44:03.349 INFO  controller.MenuController : Book List selected.
22:44:04.885 INFO  controller.BookListController$1 : Book hell selected.
22:44:09.666 INFO  gateway.DBGateway : Database connection closed.
22:44:09.667 INFO  controller.MenuController$1 : Application closed.
22:44:21.215 INFO  controller.MenuController : Book List selected.
22:44:22.934 INFO  controller.BookListController$1 : Book hell selected.
22:44:26.001 INFO  gateway.DBGateway : Database connection closed.
22:44:26.001 INFO  controller.MenuController$1 : Application closed.
22:45:30.313 INFO  controller.MenuController : Author list selected.
22:45:32.338 INFO  controller.AuthorListController$1 : Author he selected.
22:46:15.003 INFO  gateway.DBGateway : Database connection closed.
22:46:15.004 INFO  controller.MenuController$1 : Application closed.
22:47:42.728 INFO  controller.MenuController : Book List selected.
22:47:44.709 INFO  controller.BookListController$1 : Book hell selected.
22:47:47.883 INFO  gateway.DBGateway : Database connection closed.
22:47:47.883 INFO  controller.MenuController$1 : Application closed.
22:48:01.470 INFO  controller.MenuController : Book List selected.
22:48:03.159 INFO  controller.BookListController$1 : Book hell selected.
22:48:06.172 INFO  gateway.DBGateway : Database connection closed.
22:48:06.172 INFO  controller.MenuController$1 : Application closed.
23:12:16.752 INFO  controller.MenuController : Book List selected.
23:12:21.086 INFO  controller.BookListController$1 : Book hell selected.
23:12:29.002 INFO  gateway.DBGateway : AuthorBook with author_id = 1 and book_id 1 deleted from database.
23:12:29.085 INFO  gateway.DBGateway : New audit trail created for book 1
23:12:38.504 INFO  controller.BookListController$1 : Book hell selected.
23:12:41.373 INFO  gateway.DBGateway : Database connection closed.
23:12:41.374 INFO  controller.MenuController$1 : Application closed.
23:24:39.444 INFO  controller.MenuController : Book List selected.
23:24:41.112 INFO  controller.BookListController$1 : Book hell selected.
23:24:43.402 ERROR controller.BookDetailController$4 : GridPane is not a valid type.
/C:/Users/austin/Documents/compsci/CS%204743/CS4743Assignment%203/bin/view/authorbookadd.fxml

23:24:49.048 INFO  gateway.DBGateway : Database connection closed.
23:24:49.048 INFO  controller.MenuController$1 : Application closed.
23:25:19.814 INFO  controller.MenuController : Book List selected.
23:25:21.395 INFO  controller.BookListController$1 : Book hell selected.
23:25:25.381 INFO  gateway.DBGateway : Database connection closed.
23:25:25.382 INFO  controller.MenuController$1 : Application closed.
23:26:17.188 INFO  controller.MenuController : Book List selected.
23:26:18.719 INFO  controller.BookListController$1 : Book hell selected.
23:26:20.533 ERROR controller.BookDetailController$4 : No controller specified.
/C:/Users/austin/Documents/compsci/CS%204743/CS4743Assignment%203/bin/view/authorbookadd.fxml:81

23:26:41.364 INFO  controller.MenuController : Book List selected.
23:26:43.400 INFO  controller.BookListController$1 : Book hell selected.
23:26:52.890 INFO  gateway.DBGateway : Database connection closed.
23:26:52.890 INFO  controller.MenuController$1 : Application closed.
23:36:40.415 INFO  gateway.DBGateway : Database connection closed.
23:36:40.416 INFO  controller.MenuController$1 : Application closed.
23:36:43.118 INFO  controller.MenuController : Book List selected.
23:36:45.011 INFO  controller.BookListController$1 : Book hell selected.
23:37:43.773 INFO  gateway.DBGateway : Database connection closed.
23:37:43.773 INFO  controller.MenuController$1 : Application closed.
23:38:58.761 INFO  controller.MenuController : Book List selected.
23:39:00.098 INFO  controller.BookListController$1 : Book hell selected.
23:39:01.502 ERROR controller.BookDetailController$4 : No controller specified.
/C:/Users/austin/Documents/compsci/CS%204743/CS4743Assignment%203/bin/view/authorbookadd.fxml:80

23:39:05.312 INFO  gateway.DBGateway : Database connection closed.
23:39:05.312 INFO  controller.MenuController$1 : Application closed.
23:41:54.894 INFO  gateway.DBGateway : Database connection closed.
23:41:54.896 INFO  controller.MenuController$1 : Application closed.
23:42:02.191 INFO  controller.MenuController : Book List selected.
23:42:03.881 INFO  controller.BookListController$1 : Book hell selected.
23:42:41.118 INFO  gateway.DBGateway : Database connection closed.
23:42:41.119 INFO  controller.MenuController$1 : Application closed.
23:43:11.783 INFO  controller.MenuController : Book List selected.
23:43:13.296 INFO  controller.BookListController$1 : Book hell selected.
23:43:20.713 INFO  gateway.DBGateway : New audit trail created for book 1
23:43:20.714 INFO  gateway.DBGateway : New AuthorBook created. author_id = 1book_id = 1
23:43:25.042 INFO  controller.BookListController$1 : Book hell selected.
23:43:39.595 INFO  gateway.DBGateway : Database connection closed.
23:43:39.595 INFO  controller.MenuController$1 : Application closed.
23:49:48.501 INFO  controller.MenuController : Book List selected.
23:49:50.493 INFO  controller.BookListController$1 : Book hell selected.
23:50:06.321 INFO  gateway.DBGateway : AuthorBook with author_id = 1 and book_id 1 deleted from database.
23:50:06.380 INFO  gateway.DBGateway : New audit trail created for book 1
23:50:17.253 INFO  controller.BookListController$1 : Book hell selected.
23:50:19.309 INFO  gateway.DBGateway : Database connection closed.
23:50:19.309 INFO  controller.MenuController$1 : Application closed.
23:51:10.509 INFO  controller.MenuController : Book List selected.
23:51:12.941 INFO  controller.BookListController$1 : Book hell selected.
23:51:41.213 INFO  gateway.DBGateway : Database connection closed.
23:51:41.214 INFO  controller.MenuController$1 : Application closed.
23:52:32.821 INFO  controller.MenuController : Book List selected.
23:52:34.058 INFO  controller.BookListController$1 : Book hell selected.
23:52:41.975 INFO  gateway.DBGateway : Database connection closed.
23:52:41.976 INFO  controller.MenuController$1 : Application closed.
23:53:47.912 INFO  controller.MenuController : Book List selected.
23:53:49.319 INFO  controller.BookListController$1 : Book hell selected.
23:53:58.625 INFO  gateway.DBGateway : New audit trail created for book 1
23:53:58.625 INFO  gateway.DBGateway : New AuthorBook created. author_id = 3book_id = 1
23:54:02.291 INFO  controller.BookListController$1 : Book hell selected.
23:54:07.229 INFO  gateway.DBGateway : Database connection closed.
23:54:07.230 INFO  controller.MenuController$1 : Application closed.
23:54:45.676 INFO  controller.MenuController : Book List selected.
23:54:47.514 INFO  controller.BookListController$1 : Book hell selected.
23:54:49.386 INFO  gateway.DBGateway : AuthorBook with author_id = 3 and book_id 1 deleted from database.
23:54:49.456 INFO  gateway.DBGateway : New audit trail created for book 1
23:54:51.763 INFO  controller.BookListController$1 : Book hell selected.
23:54:59.377 INFO  gateway.DBGateway : New audit trail created for book 1
23:54:59.378 INFO  gateway.DBGateway : New AuthorBook created. author_id = 1book_id = 1
23:55:03.140 INFO  controller.BookListController$1 : Book hell selected.
23:55:10.146 INFO  gateway.DBGateway : New audit trail created for book 1
23:55:10.203 ERROR gateway.DBGateway : Error updating book table in database: You have an error in your SQL syntax; check the manual that corresponds to your MySQL server version for the right syntax to use near 'author_id = 1 and book_id = 1' at line 1
23:56:41.344 INFO  gateway.DBGateway : Database connection closed.
23:56:41.345 INFO  controller.MenuController$1 : Application closed.
23:56:47.002 INFO  controller.MenuController : Book List selected.
23:56:48.599 INFO  controller.BookListController$1 : Book hell selected.
23:56:54.054 INFO  gateway.DBGateway : New audit trail created for book 1
23:56:54.122 ERROR gateway.DBGateway : Error updating book table in database: You have an error in your SQL syntax; check the manual that corresponds to your MySQL server version for the right syntax to use near 'author_id = 1 and book_id = 1' at line 1
23:57:03.584 INFO  gateway.DBGateway : Database connection closed.
23:57:03.584 INFO  controller.MenuController$1 : Application closed.
23:58:22.343 INFO  controller.MenuController : Book List selected.
23:58:23.794 INFO  controller.BookListController$1 : Book hell selected.
23:58:24.609 ERROR controller.BookDetailController$5 : 
/C:/Users/austin/Documents/compsci/CS%204743/CS4743Assignment%203/bin/view/authorbookadd.fxml

23:58:30.255 INFO  gateway.DBGateway : New audit trail created for book 1
23:58:30.298 ERROR gateway.DBGateway : Error updating book table in database: FUNCTION hyq004.30where does not exist
23:58:36.104 INFO  gateway.DBGateway : Database connection closed.
23:58:36.104 INFO  controller.MenuController$1 : Application closed.
13:00:34.957 INFO  controller.MenuController : Add author selected.
13:00:36.541 INFO  controller.MenuController : Author list selected.
13:00:37.795 INFO  controller.AuthorListController$1 : Author he selected.
13:00:43.220 INFO  controller.AuthorListController$1 : Author he selected.
13:00:47.316 INFO  gateway.DBGateway : New audit trail created for author 1
13:00:47.316 INFO  gateway.DBGateway : Updated author
13:01:21.574 INFO  gateway.DBGateway : Database connection closed.
13:01:21.575 INFO  controller.MenuController$1 : Application closed.
13:05:22.543 INFO  controller.MenuController : Book List selected.
13:05:26.740 INFO  controller.BookListController$1 : Book hell selected.
13:05:33.673 ERROR gateway.DBGateway : Error updating book table in database: Parameter index out of range (5 > number of parameters, which is 4).
13:05:56.506 INFO  gateway.DBGateway : Database connection closed.
13:05:56.507 INFO  controller.MenuController$1 : Application closed.
13:06:01.675 INFO  controller.MenuController : Book List selected.
13:06:02.882 INFO  controller.BookListController$1 : Book hell selected.
13:06:10.439 INFO  gateway.DBGateway : New audit trail created for book 1
13:06:10.445 ERROR gateway.DBGateway : Error updating book table in database: You have an error in your SQL syntax; check the manual that corresponds to your MySQL server version for the right syntax to use near 'book_id = 1' at line 1
13:07:15.519 INFO  controller.MenuController : Book List selected.
13:07:16.795 INFO  controller.BookListController$1 : Book hell selected.
13:07:21.990 INFO  gateway.DBGateway : New audit trail created for book 1
13:07:21.993 ERROR gateway.DBGateway : Error updating book table in database: Data truncation: Out of range value for column 'royalty' at row 1
13:08:09.091 INFO  gateway.DBGateway : Database connection closed.
13:08:09.092 INFO  controller.MenuController$1 : Application closed.
13:08:10.733 INFO  gateway.DBGateway : Database connection closed.
13:08:10.734 INFO  controller.MenuController$1 : Application closed.
13:08:15.893 INFO  controller.MenuController : Book List selected.
13:08:17.097 INFO  controller.BookListController$1 : Book hell selected.
13:08:22.762 INFO  gateway.DBGateway : New audit trail created for book 1
13:08:22.788 INFO  gateway.DBGateway : Updated AuthorBook
13:08:26.335 INFO  controller.BookListController$1 : Book hell selected.
13:08:31.640 INFO  gateway.DBGateway : Database connection closed.
13:08:31.640 INFO  controller.MenuController$1 : Application closed.
11:52:14.454 INFO  controller.MenuController : Book List selected.
11:52:16.205 INFO  controller.BookListController$1 : Book hell selected.
11:52:42.185 INFO  gateway.DBGateway : Database connection closed.
11:52:42.185 INFO  controller.MenuController$1 : Application closed.
11:52:53.772 INFO  gateway.DBGateway : Database connection closed.
11:52:53.777 INFO  controller.MenuController$1 : Application closed.
12:32:34.771 INFO  gateway.DBGateway : Database connection closed.
12:32:34.776 INFO  controller.MenuController$1 : Application closed.
16:09:20.041 INFO  gateway.DBGateway : Database connection closed.
16:09:20.044 INFO  controller.MenuController$1 : Application closed.
16:10:02.843 INFO  gateway.DBGateway : Database connection closed.
16:10:02.847 INFO  controller.MenuController$1 : Application closed.
16:15:07.220 INFO  controller.MenuController : Login selected.
16:15:11.991 INFO  controller.MenuController : Logout selected.
16:15:13.608 INFO  gateway.DBGateway : Database connection closed.
16:15:13.609 INFO  controller.MenuController$1 : Application closed.
16:24:33.608 INFO  controller.MenuController : Login selected.
16:24:41.265 INFO  gateway.DBGateway : Database connection closed.
16:24:41.266 INFO  controller.MenuController$1 : Application closed.
16:25:22.737 INFO  controller.MenuController : Login selected.
16:25:39.711 INFO  gateway.DBGateway : Database connection closed.
16:25:39.711 INFO  controller.MenuController$1 : Application closed.
16:35:34.562 INFO  controller.MenuController : Login selected.
16:35:37.965 INFO  controller.MenuController : userName is hello, password is world
16:35:37.967 INFO  controller.MenuController : sha256 hash of password is 486ea46224d1bb4fb680f34f7c9ad96a8f24ec88be73ea8e5a6c65260e9cb8a7
16:35:46.537 INFO  gateway.DBGateway : Database connection closed.
16:35:46.538 INFO  controller.MenuController$1 : Application closed.
16:50:18.340 INFO  controller.MenuController : Login selected.
16:50:21.837 INFO  controller.MenuController : Logout selected.
16:50:24.023 INFO  controller.MenuController : Login selected.
16:51:36.890 INFO  controller.MenuController : Login selected.
16:57:58.760 INFO  gateway.DBGateway : Database connection closed.
16:57:58.760 INFO  controller.MenuController$1 : Application closed.
16:58:00.611 INFO  gateway.DBGateway : Database connection closed.
16:58:00.611 INFO  controller.MenuController$1 : Application closed.
17:16:14.776 INFO  controller.MenuController : Login selected.
17:17:55.918 INFO  controller.MenuController : Login selected.
17:18:05.508 INFO  gateway.DBGateway : Database connection closed.
17:18:05.508 INFO  controller.MenuController$1 : Application closed.
17:23:44.597 INFO  controller.MenuController : Login selected.
17:23:54.394 INFO  controller.MenuController : session id is 1
17:24:00.893 INFO  controller.MenuController : Author list selected.
17:24:07.163 INFO  gateway.DBGateway : Database connection closed.
17:24:07.163 INFO  controller.MenuController$1 : Application closed.
